<?xml version="1.0" encoding="UTF-8"?>
<!-- Generated by org.testng.reporters.JUnitXMLReporter -->
<testsuite hostname="bdc7-l-42861y6" failures="0" tests="1" name="Default test" time="0.039" errors="0" timestamp="10 Jan 2025 08:08:04 GMT">
  <testcase classname="ZendeskAutomationMain.EEPPortal_InitialTest" name="@BeforeTest driverInitiation" time="0.0">
    <failure type="org.testng.TestNGException" message="
Parameter &amp;apos;Browser&amp;apos; is required by @Configuration on method driverInitiation but has not been marked @Optional or defined
in C:\Users\v.dhatchinamoorthy\AppData\Local\Temp\testng-eclipse-275193790\testng-customsuite.xml">
      <![CDATA[org.testng.TestNGException: 
Parameter 'Browser' is required by @Configuration on method driverInitiation but has not been marked @Optional or defined
in C:\Users\v.dhatchinamoorthy\AppData\Local\Temp\testng-eclipse-275193790\testng-customsuite.xml
	at org.testng.internal.Parameters.createParameters(Parameters.java:154)
	at org.testng.internal.Parameters.createParameters(Parameters.java:361)
	at org.testng.internal.Parameters.createConfigurationParameters(Parameters.java:84)
	at org.testng.internal.Invoker.invokeConfigurations(Invoker.java:201)
	at org.testng.internal.Invoker.invokeConfigurations(Invoker.java:142)
	at org.testng.TestRunner.beforeRun(TestRunner.java:656)
	at org.testng.TestRunner.run(TestRunner.java:624)
	at org.testng.SuiteRunner.runTest(SuiteRunner.java:366)
	at org.testng.SuiteRunner.runSequentially(SuiteRunner.java:361)
	at org.testng.SuiteRunner.privateRun(SuiteRunner.java:319)
	at org.testng.SuiteRunner.run(SuiteRunner.java:268)
	at org.testng.SuiteRunnerWorker.runSuite(SuiteRunnerWorker.java:52)
	at org.testng.SuiteRunnerWorker.run(SuiteRunnerWorker.java:86)
	at org.testng.TestNG.runSuitesSequentially(TestNG.java:1244)
	at org.testng.TestNG.runSuitesLocally(TestNG.java:1169)
	at org.testng.TestNG.run(TestNG.java:1064)
	at org.testng.remote.AbstractRemoteTestNG.run(AbstractRemoteTestNG.java:115)
	at org.testng.remote.RemoteTestNG.initAndRun(RemoteTestNG.java:293)
	at org.testng.remote.RemoteTestNG.main(RemoteTestNG.java:91)
]]>
    </failure>
  </testcase> <!-- @BeforeTest driverInitiation -->
  <testcase classname="ZendeskAutomationMain.EEPPortal_InitialTest" name="@AfterTest CLOSE" time="0.0">
    <skipped/>
  </testcase> <!-- @AfterTest CLOSE -->
  <testcase classname="ZendeskAutomationMain.EEPPortal_InitialTest" name="Second_Employer_Eform_Verification" time="0.0">
    <skipped/>
  </testcase> <!-- Second_Employer_Eform_Verification -->
</testsuite> <!-- Default test -->
